<?xml version="1.0" encoding="UTF-8"?>
<testng-results skipped="0" failed="0" ignored="0" total="2" passed="2">
  <reporter-output>
  </reporter-output>
  <suite name="Suite" duration-ms="5772" started-at="2022-09-26T10:56:55Z" finished-at="2022-09-26T10:57:01Z">
    <groups>
    </groups>
    <test name="Test" duration-ms="5772" started-at="2022-09-26T10:56:55Z" finished-at="2022-09-26T10:57:01Z">
      <class name="org.testng.B">
        <test-method status="PASS" signature="test1(java.lang.String, java.lang.String)[pri:0, instance:org.testng.B@5383967b]" name="test1" duration-ms="1" started-at="2022-09-26T10:57:01Z" data-provider="res" finished-at="2022-09-26T10:57:01Z">
          <params>
            <param index="0">
              <value>
                <![CDATA[sogesh]]>
              </value>
            </param>
            <param index="1">
              <value>
                <![CDATA[mustafa]]>
              </value>
            </param>
          </params>
          <reporter-output>
          </reporter-output>
        </test-method> <!-- test1 -->
      </class> <!-- org.testng.B -->
      <class name="org.testng.A">
        <test-method status="PASS" signature="test3(java.lang.String, java.lang.String)[pri:0, instance:org.testng.A@4fe3c938]" name="test3" duration-ms="5747" started-at="2022-09-26T10:56:55Z" data-provider="res" finished-at="2022-09-26T10:57:01Z">
          <params>
            <param index="0">
              <value>
                <![CDATA[sogesh]]>
              </value>
            </param>
            <param index="1">
              <value>
                <![CDATA[mustafa]]>
              </value>
            </param>
          </params>
          <reporter-output>
          </reporter-output>
        </test-method> <!-- test3 -->
      </class> <!-- org.testng.A -->
    </test> <!-- Test -->
  </suite> <!-- Suite -->
</testng-results>
